[WARNING] Could not fetch resource '': replacing image with description
[INFO] Extracting ./tex2pdf.-907aba781a710800/0596230d2f4b2cd975eb47196f3fae4967b6df1e.png...
[INFO] Extracting ./tex2pdf.-907aba781a710800/0c00cecabd191d0893a0703200aa1f2a851436cb.png...
[INFO] Extracting ./tex2pdf.-907aba781a710800/1367df7ea503735494a778023248b000a569bc9b.pdf...
[INFO] Extracting ./tex2pdf.-907aba781a710800/206ea818181aff41099080cae77e5ef8111b0b08.pdf...
[INFO] Extracting ./tex2pdf.-907aba781a710800/21a8833c5be09a94b47aaf88587416a9ad9b3884.png...
[INFO] Extracting ./tex2pdf.-907aba781a710800/2745f3481242b46bab16e1e6e1123da078cc46ab.pdf...
[INFO] Extracting ./tex2pdf.-907aba781a710800/2b7f652f77da5bd940cd86e3a3a1f795c2ec27a5.pdf...
[INFO] Extracting ./tex2pdf.-907aba781a710800/3019a6372c7a11534b36893a3adfd27a099aa876.png...
[INFO] Extracting ./tex2pdf.-907aba781a710800/34353927bb1a05301585ed208586cf456322c31c.png...
[INFO] Extracting ./tex2pdf.-907aba781a710800/46ffbe03b19d006e34c0719e34332c3c64315483.pdf...
[INFO] Extracting ./tex2pdf.-907aba781a710800/4c61b5510c435065723c88b8b799728b5fdd04ae.pdf...
[INFO] Extracting ./tex2pdf.-907aba781a710800/546870456c0e9270fa2c6711e8116944b5b239ad.pdf...
[INFO] Extracting ./tex2pdf.-907aba781a710800/54b73edee86fda15b8b95195ede26108a596bf2d.pdf...
[INFO] Extracting ./tex2pdf.-907aba781a710800/579e8f56a211281f2a4c9796dd33f9b476867082.pdf...
[INFO] Extracting ./tex2pdf.-907aba781a710800/61bad4dbc9dfd336ef79a09d21abb631eed1503a.pdf...
[INFO] Extracting ./tex2pdf.-907aba781a710800/6241a22880d2c4b26b526536b33131f639b31b90.pdf...
[INFO] Extracting ./tex2pdf.-907aba781a710800/664291e3b691bdc567b03badfae7546937a39698.png...
[INFO] Extracting ./tex2pdf.-907aba781a710800/68335f8cb6c6bb28625d8ef7214e0adcce4cffde.pdf...
[INFO] Extracting ./tex2pdf.-907aba781a710800/6bf92bee28f40dadadb4e0ad9f5248e0c9689cc1.pdf...
[INFO] Extracting ./tex2pdf.-907aba781a710800/957281069c464643d564fb47d8fa4c7a05d0e8ae.pdf...
[INFO] Extracting ./tex2pdf.-907aba781a710800/966f1f259ee15faedf9ef35ae30719613a62430d.pdf...
[INFO] Extracting ./tex2pdf.-907aba781a710800/a6c89e9643d058ee390874a6348392eb6c23b91f.png...
[INFO] Extracting ./tex2pdf.-907aba781a710800/c094b357dc157d34b08b70ac1863b4a6aa5bae5f.pdf...
[INFO] Extracting ./tex2pdf.-907aba781a710800/cc249b635ceaea720d3f3c72f6c1f2a950e93289.png...
[INFO] Extracting ./tex2pdf.-907aba781a710800/cda62c7de92f419750ced4995283c79f94aa0e33.pdf...
[INFO] Extracting ./tex2pdf.-907aba781a710800/da94ad44961fa652bc9b518990ffa8677cc093d7.pdf...
[INFO] Extracting ./tex2pdf.-907aba781a710800/df724ef4c08cb1a08f5899ab0e527a5e41b44161.pdf...
[INFO] Extracting ./tex2pdf.-907aba781a710800/e3c34f21a4b262c5fa168219e52d947f678a6eb8.pdf...
[INFO] Extracting ./tex2pdf.-907aba781a710800/e4e04fc1a854631694d8a6f488b9e5c95b33fc6e.pdf...
[INFO] Extracting ./tex2pdf.-907aba781a710800/e67f44ac1d009ab8dd397aa197202b74467130fb.png...
[INFO] Extracting ./tex2pdf.-907aba781a710800/fa023c211721a4ffd5775f7aa25d3d25371d8821.pdf...
[INFO] Not rendering RawBlock (Format "html") "<!-- \nThis is the Latex-heavy title page. \nPeople outside UCL may want to remove the header logo \nand add the centred logo\n-->"
[INFO] Not rendering RawBlock (Format "html") "<!-- This is the abstract -->"
[INFO] Not rendering RawBlock (Format "html") "<!-- \nThis could be a list of papers by the author for example \n-->"
[INFO] Not rendering RawBlock (Format "html") "<!-- \nDo not edit this page.\n\nReferences are automatically generated from the BibTex file (References.bib)\n\n...which you should create using your reference manager.\n-->"
