\BOOKMARK [0][-]{chapter*.1}{Abstract}{}% 1
\BOOKMARK [0][-]{chapter.1}{Introduction}{}% 2
\BOOKMARK [1][-]{section.1.1}{The\040secretory\040pathway:\040biology\040101\040for\040physicists}{chapter.1}% 3
\BOOKMARK [1][-]{section.1.2}{This\040thesis}{chapter.1}% 4
\BOOKMARK [0][-]{chapter.2}{Model\040fitting}{}% 5
\BOOKMARK [1][-]{section.2.1}{The\040concept}{chapter.2}% 6
\BOOKMARK [1][-]{section.2.2}{Step\0401\040-\040Smoothing\040and\040denoising}{chapter.2}% 7
\BOOKMARK [1][-]{section.2.3}{Step\0402\040-\040Derivatives}{chapter.2}% 8
\BOOKMARK [1][-]{section.2.4}{Step\0403\040-\040Segmentation}{chapter.2}% 9
\BOOKMARK [1][-]{section.2.5}{Step\0404\040-\040Fitting}{chapter.2}% 10
\BOOKMARK [0][-]{chapter.3}{Data\040analysis}{}% 11
\BOOKMARK [1][-]{section.3.1}{Experimental\040data}{chapter.3}% 12
\BOOKMARK [1][-]{section.3.2}{Initial\040analysis}{chapter.3}% 13
\BOOKMARK [1][-]{section.3.3}{Analysis\040of\040LS-fit}{chapter.3}% 14
\BOOKMARK [1][-]{section.3.4}{Conclusion}{chapter.3}% 15
\BOOKMARK [0][-]{chapter.4}{Physics\040Informed\040Neural\040Networks}{}% 16
\BOOKMARK [1][-]{section.4.1}{Neural\040Networks}{chapter.4}% 17
\BOOKMARK [1][-]{section.4.2}{Physics\040Informed\040Neural\040Networks}{chapter.4}% 18
\BOOKMARK [1][-]{section.4.3}{Conclusion}{chapter.4}% 19
\BOOKMARK [0][-]{chapter.5}{Introduction\040to\040Golgi\040as\040a\040phase\040separated\040droplet}{}% 20
\BOOKMARK [1][-]{section.5.1}{Phase\040separation}{chapter.5}% 21
\BOOKMARK [1][-]{section.5.2}{Effective\040droplet}{chapter.5}% 22
\BOOKMARK [1][-]{section.5.3}{Golgi\040as\040an\040active\040droplet}{chapter.5}% 23
\BOOKMARK [0][-]{chapter.6}{Golgi\040model}{}% 24
\BOOKMARK [1][-]{section.6.1}{Two-component\040model}{chapter.6}% 25
\BOOKMARK [1][-]{section.6.2}{Conclusion}{chapter.6}% 26
\BOOKMARK [0][-]{chapter.7}{Conclusion}{}% 27
\BOOKMARK [0][-]{chapter*.23}{Appendix\0401:\040Some\040extra\040stuff}{}% 28
\BOOKMARK [0][-]{chapter*.24}{References}{}% 29
