This is XeTeX, Version 3.14159265-2.6-0.99999 (TeX Live 2018) (preloaded format=xelatex 2018.9.19)  20 NOV 2018 18:02
entering extended mode
 restricted \write18 enabled.
 file:line:error style messages enabled.
 %&-line parsing enabled.
**thesis.tex
(./thesis.tex
LaTeX2e <2018-04-01> patch level 2
Babel <3.18> and hyphenation patterns for 84 language(s) loaded.
(./Dissertate.cls
Document Class: Dissertate 2014/03/25 v2.0 Dissertate Class
(/usr/local/texlive/2018/texmf-dist/tex/latex/base/book.cls
Document Class: book 2014/09/29 v1.4h Standard LaTeX document class
(/usr/local/texlive/2018/texmf-dist/tex/latex/base/bk12.clo
File: bk12.clo 2014/09/29 v1.4h Standard LaTeX file (size option)
)
\c@part=\count80
\c@chapter=\count81
\c@section=\count82
\c@subsection=\count83
\c@subsubsection=\count84
\c@paragraph=\count85
\c@subparagraph=\count86
\c@figure=\count87
\c@table=\count88
\abovecaptionskip=\skip41
\belowcaptionskip=\skip42
\bibindent=\dimen102
) (/usr/local/texlive/2018/texmf-dist/tex/latex/etoolbox/etoolbox.sty
Package: etoolbox 2018/02/11 v2.5e e-TeX tools for LaTeX (JAW)
\etb@tempcnta=\count89
) (/usr/local/texlive/2018/texmf-dist/tex/latex/geometry/geometry.sty
Package: geometry 2018/03/24 v5.7 Page Geometry
 (/usr/local/texlive/2018/texmf-dist/tex/latex/graphics/keyval.sty
Package: keyval 2014/10/28 v1.15 key=value parser (DPC)
\KV@toks@=\toks14
) (/usr/local/texlive/2018/texmf-dist/tex/generic/oberdiek/ifpdf.sty
Package: ifpdf 2017/03/15 v3.2 Provides the ifpdf switch
) (/usr/local/texlive/2018/texmf-dist/tex/generic/oberdiek/ifvtex.sty
Package: ifvtex 2016/05/16 v1.6 Detect VTeX and its facilities (HO)
Package ifvtex Info: VTeX not detected.
) (/usr/local/texlive/2018/texmf-dist/tex/generic/ifxetex/ifxetex.sty
Package: ifxetex 2010/09/12 v0.6 Provides ifxetex conditional
)
\Gm@cnth=\count90
\Gm@cntv=\count91
\c@Gm@tempcnt=\count92
\Gm@bindingoffset=\dimen103
\Gm@wd@mp=\dimen104
\Gm@odd@mp=\dimen105
\Gm@even@mp=\dimen106
\Gm@layoutwidth=\dimen107
\Gm@layoutheight=\dimen108
\Gm@layouthoffset=\dimen109
\Gm@layoutvoffset=\dimen110
\Gm@dimlist=\toks15
) (/usr/local/texlive/2018/texmf-dist/tex/latex/ms/ragged2e.sty
Package: ragged2e 2009/05/21 v2.1 ragged2e Package (MS)
 (/usr/local/texlive/2018/texmf-dist/tex/latex/ms/everysel.sty
Package: everysel 2011/10/28 v1.2 EverySelectfont Package (MS)
)
\CenteringLeftskip=\skip43
\RaggedLeftLeftskip=\skip44
\RaggedRightLeftskip=\skip45
\CenteringRightskip=\skip46
\RaggedLeftRightskip=\skip47
\RaggedRightRightskip=\skip48
\CenteringParfillskip=\skip49
\RaggedLeftParfillskip=\skip50
\RaggedRightParfillskip=\skip51
\JustifyingParfillskip=\skip52
\CenteringParindent=\skip53
\RaggedLeftParindent=\skip54
\RaggedRightParindent=\skip55
\JustifyingParindent=\skip56
) (/usr/local/texlive/2018/texmf-dist/tex/latex/graphics/graphicx.sty
Package: graphicx 2017/06/01 v1.1a Enhanced LaTeX Graphics (DPC,SPQR)
 (/usr/local/texlive/2018/texmf-dist/tex/latex/graphics/graphics.sty
Package: graphics 2017/06/25 v1.2c Standard LaTeX Graphics (DPC,SPQR)
 (/usr/local/texlive/2018/texmf-dist/tex/latex/graphics/trig.sty
Package: trig 2016/01/03 v1.10 sin cos tan (DPC)
) (/usr/local/texlive/2018/texmf-dist/tex/latex/graphics-cfg/graphics.cfg
File: graphics.cfg 2016/06/04 v1.11 sample graphics configuration
)
Package graphics Info: Driver file: xetex.def on input line 99.
 (/usr/local/texlive/2018/texmf-dist/tex/latex/graphics-def/xetex.def
File: xetex.def 2017/06/24 v5.0h Graphics/color driver for xetex
))
\Gin@req@height=\dimen111
\Gin@req@width=\dimen112
) (/usr/local/texlive/2018/texmf-dist/tex/latex/base/fixltx2e.sty
Package: fixltx2e 2016/12/29 v2.1a fixes to LaTeX (obsolete)
Applying: [2015/01/01] Old fixltx2e package on input line 46.


Package fixltx2e Warning: fixltx2e is not required with releases after 2015
(fixltx2e)                All fixes are now in the LaTeX kernel.
(fixltx2e)                See the latexrelease package for details.

Already applied: [0000/00/00] Old fixltx2e package on input line 53.
) (/usr/local/texlive/2018/texmf-dist/tex/latex/lettrine/lettrine.sty
File: lettrine.sty 2015/08/31 v1.9 (Daniel Flipo)
\c@DefaultLines=\count93
\c@DefaultDepth=\count94
\DefaultFindent=\dimen113
\DefaultNindent=\dimen114
\DefaultSlope=\dimen115
\DiscardVskip=\dimen116
\L@lbox=\box26
\L@tbox=\box27
\c@L@lines=\count95
\c@L@depth=\count96
\L@Pindent=\dimen117
\L@Findent=\dimen118
\L@Nindent=\dimen119
\L@lraise=\dimen120
\L@first=\dimen121
\L@next=\dimen122
\L@slope=\dimen123
\L@height=\dimen124
\L@novskip=\dimen125
\LettrineWidth=\dimen126
\LettrineHeight=\dimen127
\LettrineDepth=\dimen128

Loading lettrine.cfg
(/usr/local/texlive/2018/texmf-dist/tex/latex/lettrine/lettrine.cfg)) (/usr/local/texlive/2018/texmf-dist/tex/latex/setspace/setspace.sty
Package: setspace 2011/12/19 v6.7a set line spacing
) (/usr/local/texlive/2018/texmf-dist/tex/latex/tools/verbatim.sty
Package: verbatim 2014/10/28 v1.5q LaTeX2e package for verbatim enhancements
\every@verbatim=\toks16
\verbatim@line=\toks17
\verbatim@in@stream=\read1
) (/usr/local/texlive/2018/texmf-dist/tex/latex/graphics/color.sty
Package: color 2016/07/10 v1.1e Standard LaTeX Color (DPC)
 (/usr/local/texlive/2018/texmf-dist/tex/latex/graphics-cfg/color.cfg
File: color.cfg 2016/01/02 v1.6 sample color configuration
)
Package color Info: Driver file: xetex.def on input line 147.
) (/usr/local/texlive/2018/texmf-dist/tex/latex/xcolor/xcolor.sty
Package: xcolor 2016/05/11 v2.12 LaTeX color extensions (UK)
 (/usr/local/texlive/2018/texmf-dist/tex/latex/graphics-cfg/color.cfg
File: color.cfg 2016/01/02 v1.6 sample color configuration
)
Package xcolor Info: Driver file: xetex.def on input line 225.
LaTeX Info: Redefining \color on input line 709.
Package xcolor Info: Model `cmy' substituted by `cmy0' on input line 1348.
Package xcolor Info: Model `RGB' extended on input line 1364.
Package xcolor Info: Model `HTML' substituted by `rgb' on input line 1366.
Package xcolor Info: Model `Hsb' substituted by `hsb' on input line 1367.
Package xcolor Info: Model `tHsb' substituted by `hsb' on input line 1368.
Package xcolor Info: Model `HSB' substituted by `hsb' on input line 1369.
Package xcolor Info: Model `Gray' substituted by `gray' on input line 1370.
Package xcolor Info: Model `wave' substituted by `hsb' on input line 1371.
) (/usr/local/texlive/2018/texmf-dist/tex/latex/hyperref/hyperref.sty
Package: hyperref 2018/02/06 v6.86b Hypertext links for LaTeX
 (/usr/local/texlive/2018/texmf-dist/tex/generic/oberdiek/hobsub-hyperref.sty
Package: hobsub-hyperref 2016/05/16 v1.14 Bundle oberdiek, subset hyperref (HO)
 (/usr/local/texlive/2018/texmf-dist/tex/generic/oberdiek/hobsub-generic.sty
Package: hobsub-generic 2016/05/16 v1.14 Bundle oberdiek, subset generic (HO)
Package: hobsub 2016/05/16 v1.14 Construct package bundles (HO)
Package: infwarerr 2016/05/16 v1.4 Providing info/warning/error messages (HO)
Package: ltxcmds 2016/05/16 v1.23 LaTeX kernel commands for general use (HO)
Package: ifluatex 2016/05/16 v1.4 Provides the ifluatex switch (HO)
Package ifluatex Info: LuaTeX not detected.
Package hobsub Info: Skipping package `ifvtex' (already loaded).
Package: intcalc 2016/05/16 v1.2 Expandable calculations with integers (HO)
Package hobsub Info: Skipping package `ifpdf' (already loaded).
Package: etexcmds 2016/05/16 v1.6 Avoid name clashes with e-TeX commands (HO)
Package etexcmds Info: Could not find \expanded.
(etexcmds)             That can mean that you are not using pdfTeX 1.50 or
(etexcmds)             that some package has redefined \expanded.
(etexcmds)             In the latter case, load this package earlier.
Package: kvsetkeys 2016/05/16 v1.17 Key value parser (HO)
Package: kvdefinekeys 2016/05/16 v1.4 Define keys (HO)
Package: pdftexcmds 2018/01/30 v0.27 Utility functions of pdfTeX for LuaTeX (HO)
Package pdftexcmds Info: LuaTeX not detected.
Package pdftexcmds Info: pdfTeX >= 1.30 not detected.
Package pdftexcmds Info: \pdf@primitive is available.
Package pdftexcmds Info: \pdf@ifprimitive is available.
Package pdftexcmds Info: \pdfdraftmode not found.
Package: pdfescape 2016/05/16 v1.14 Implements pdfTeX's escape features (HO)
Package: bigintcalc 2016/05/16 v1.4 Expandable calculations on big integers (HO)
Package: bitset 2016/05/16 v1.2 Handle bit-vector datatype (HO)
Package: uniquecounter 2016/05/16 v1.3 Provide unlimited unique counter (HO)
)
Package hobsub Info: Skipping package `hobsub' (already loaded).
Package: letltxmacro 2016/05/16 v1.5 Let assignment for LaTeX macros (HO)
Package: hopatch 2016/05/16 v1.3 Wrapper for package hooks (HO)
Package: xcolor-patch 2016/05/16 xcolor patch
Package: atveryend 2016/05/16 v1.9 Hooks at the very end of document (HO)
Package: atbegshi 2016/06/09 v1.18 At begin shipout hook (HO)
Package: refcount 2016/05/16 v3.5 Data extraction from label references (HO)
Package: hycolor 2016/05/16 v1.8 Color options for hyperref/bookmark (HO)
) (/usr/local/texlive/2018/texmf-dist/tex/latex/oberdiek/auxhook.sty
Package: auxhook 2016/05/16 v1.4 Hooks for auxiliary files (HO)
) (/usr/local/texlive/2018/texmf-dist/tex/latex/oberdiek/kvoptions.sty
Package: kvoptions 2016/05/16 v3.12 Key value format for package options (HO)
)
\@linkdim=\dimen129
\Hy@linkcounter=\count97
\Hy@pagecounter=\count98
 (/usr/local/texlive/2018/texmf-dist/tex/latex/hyperref/pd1enc.def
File: pd1enc.def 2018/02/06 v6.86b Hyperref: PDFDocEncoding definition (HO)
)
\Hy@SavedSpaceFactor=\count99
 (/usr/local/texlive/2018/texmf-dist/tex/latex/latexconfig/hyperref.cfg
File: hyperref.cfg 2002/06/06 v1.2 hyperref configuration of TeXLive
)
Package hyperref Info: Hyper figures OFF on input line 4509.
Package hyperref Info: Link nesting OFF on input line 4514.
Package hyperref Info: Hyper index ON on input line 4517.
Package hyperref Info: Plain pages OFF on input line 4524.
Package hyperref Info: Backreferencing OFF on input line 4529.
Package hyperref Info: Implicit mode ON; LaTeX internals redefined.
Package hyperref Info: Bookmarks ON on input line 4762.
\c@Hy@tempcnt=\count100
 (/usr/local/texlive/2018/texmf-dist/tex/latex/url/url.sty
\Urlmuskip=\muskip10
Package: url 2013/09/16  ver 3.4  Verb mode for urls, etc.
)
LaTeX Info: Redefining \url on input line 5115.
\XeTeXLinkMargin=\dimen130
\Fld@menulength=\count101
\Field@Width=\dimen131
\Fld@charsize=\dimen132
Package hyperref Info: Hyper figures OFF on input line 6369.
Package hyperref Info: Link nesting OFF on input line 6374.
Package hyperref Info: Hyper index ON on input line 6377.
Package hyperref Info: backreferencing OFF on input line 6384.
Package hyperref Info: Link coloring OFF on input line 6389.
Package hyperref Info: Link coloring with OCG OFF on input line 6394.
Package hyperref Info: PDF/A mode OFF on input line 6399.
LaTeX Info: Redefining \ref on input line 6439.
LaTeX Info: Redefining \pageref on input line 6443.
\Hy@abspage=\count102
\c@Item=\count103
\c@Hfootnote=\count104
)
Package hyperref Info: Driver (autodetected): hxetex.
 (/usr/local/texlive/2018/texmf-dist/tex/latex/hyperref/hxetex.def
File: hxetex.def 2018/02/06 v6.86b Hyperref driver for XeTeX
 (/usr/local/texlive/2018/texmf-dist/tex/latex/hyperref/puenc.def
File: puenc.def 2018/02/06 v6.86b Hyperref: PDF Unicode definition (HO)
) (/usr/local/texlive/2018/texmf-dist/tex/generic/oberdiek/stringenc.sty
Package: stringenc 2016/05/16 v1.11 Convert strings between diff. encodings (HO)
)
\pdfm@box=\box28
\c@Hy@AnnotLevel=\count105
\HyField@AnnotCount=\count106
\Fld@listcount=\count107
\c@bookmark@seq@number=\count108
 (/usr/local/texlive/2018/texmf-dist/tex/latex/oberdiek/rerunfilecheck.sty
Package: rerunfilecheck 2016/05/16 v1.8 Rerun checks for auxiliary files (HO)
Package uniquecounter Info: New unique counter `rerunfilecheck' on input line 282.
)
\Hy@SectionHShift=\skip57
) (/usr/local/texlive/2018/texmf-dist/tex/latex/amsfonts/amssymb.sty
Package: amssymb 2013/01/14 v3.01 AMS font symbols
 (/usr/local/texlive/2018/texmf-dist/tex/latex/amsfonts/amsfonts.sty
Package: amsfonts 2013/01/14 v3.01 Basic AMSFonts support
\@emptytoks=\toks18
\symAMSa=\mathgroup4
\symAMSb=\mathgroup5
LaTeX Font Info:    Overwriting math alphabet `\mathfrak' in version `bold'
(Font)                  U/euf/m/n --> U/euf/b/n on input line 106.
)) (/usr/local/texlive/2018/texmf-dist/tex/xelatex/mathspec/mathspec.sty
Package: mathspec 2016/12/22 v0.2b LaTeX Package (Mathematics font selection for XeLaTeX)
 (/usr/local/texlive/2018/texmf-dist/tex/latex/amsmath/amstext.sty
Package: amstext 2000/06/29 v2.01 AMS text
 (/usr/local/texlive/2018/texmf-dist/tex/latex/amsmath/amsgen.sty
File: amsgen.sty 1999/11/30 v2.0 generic functions
\@emptytoks=\toks19
\ex@=\dimen133
)) (/usr/local/texlive/2018/texmf-dist/tex/latex/fontspec/fontspec.sty (/usr/local/texlive/2018/texmf-dist/tex/latex/l3packages/xparse/xparse.sty (/usr/local/texlive/2018/texmf-dist/tex/latex/l3kernel/expl3.sty
Package: expl3 2018-08-23 L3 programming layer (loader) 
 (/usr/local/texlive/2018/texmf-dist/tex/latex/l3kernel/expl3-code.tex
Package: expl3 2018-08-23 L3 programming layer (code)
\c_max_int=\count109
\l_tmpa_int=\count110
\l_tmpb_int=\count111
\g_tmpa_int=\count112
\g_tmpb_int=\count113
\g__kernel_prg_map_int=\count114
\c_log_iow=\count115
\l_iow_line_count_int=\count116
\l__iow_line_target_int=\count117
\l__iow_one_indent_int=\count118
\l__iow_indent_int=\count119
\c_zero_dim=\dimen134
\c_max_dim=\dimen135
\l_tmpa_dim=\dimen136
\l_tmpb_dim=\dimen137
\g_tmpa_dim=\dimen138
\g_tmpb_dim=\dimen139
\c_zero_skip=\skip58
\c_max_skip=\skip59
\l_tmpa_skip=\skip60
\l_tmpb_skip=\skip61
\g_tmpa_skip=\skip62
\g_tmpb_skip=\skip63
\c_zero_muskip=\muskip11
\c_max_muskip=\muskip12
\l_tmpa_muskip=\muskip13
\l_tmpb_muskip=\muskip14
\g_tmpa_muskip=\muskip15
\g_tmpb_muskip=\muskip16
\l_keys_choice_int=\count120
\l__intarray_loop_int=\count121
\c__intarray_sp_dim=\dimen140
\g__intarray_font_int=\count122
\c__fp_leading_shift_int=\count123
\c__fp_middle_shift_int=\count124
\c__fp_trailing_shift_int=\count125
\c__fp_big_leading_shift_int=\count126
\c__fp_big_middle_shift_int=\count127
\c__fp_big_trailing_shift_int=\count128
\c__fp_Bigg_leading_shift_int=\count129
\c__fp_Bigg_middle_shift_int=\count130
\c__fp_Bigg_trailing_shift_int=\count131
\g__fp_array_int=\count132
\l__fp_array_loop_int=\count133
\l__sort_length_int=\count134
\l__sort_min_int=\count135
\l__sort_top_int=\count136
\l__sort_max_int=\count137
\l__sort_true_max_int=\count138
\l__sort_block_int=\count139
\l__sort_begin_int=\count140
\l__sort_end_int=\count141
\l__sort_A_int=\count142
\l__sort_B_int=\count143
\l__sort_C_int=\count144
\l__tl_analysis_normal_int=\count145
\l__tl_analysis_index_int=\count146
\l__tl_analysis_nesting_int=\count147
\l__tl_analysis_type_int=\count148
\l__regex_internal_a_int=\count149
\l__regex_internal_b_int=\count150
\l__regex_internal_c_int=\count151
\l__regex_balance_int=\count152
\l__regex_group_level_int=\count153
\l__regex_mode_int=\count154
\c__regex_cs_in_class_mode_int=\count155
\c__regex_cs_mode_int=\count156
\l__regex_catcodes_int=\count157
\l__regex_default_catcodes_int=\count158
\c__regex_catcode_L_int=\count159
\c__regex_catcode_O_int=\count160
\c__regex_catcode_A_int=\count161
\c__regex_all_catcodes_int=\count162
\l__regex_show_lines_int=\count163
\l__regex_min_state_int=\count164
\l__regex_max_state_int=\count165
\l__regex_left_state_int=\count166
\l__regex_right_state_int=\count167
\l__regex_capturing_group_int=\count168
\l__regex_min_pos_int=\count169
\l__regex_max_pos_int=\count170
\l__regex_curr_pos_int=\count171
\l__regex_start_pos_int=\count172
\l__regex_success_pos_int=\count173
\l__regex_curr_char_int=\count174
\l__regex_curr_catcode_int=\count175
\l__regex_last_char_int=\count176
\l__regex_case_changed_char_int=\count177
\l__regex_curr_state_int=\count178
\l__regex_step_int=\count179
\l__regex_min_active_int=\count180
\l__regex_max_active_int=\count181
\l__regex_replacement_csnames_int=\count182
\l__regex_match_count_int=\count183
\l__regex_min_submatch_int=\count184
\l__regex_submatch_int=\count185
\l__regex_zeroth_submatch_int=\count186
\g__regex_trace_regex_int=\count187
\c_empty_box=\box29
\l_tmpa_box=\box30
\l_tmpb_box=\box31
\g_tmpa_box=\box32
\g_tmpb_box=\box33
\l__box_top_dim=\dimen141
\l__box_bottom_dim=\dimen142
\l__box_left_dim=\dimen143
\l__box_right_dim=\dimen144
\l__box_top_new_dim=\dimen145
\l__box_bottom_new_dim=\dimen146
\l__box_left_new_dim=\dimen147
\l__box_right_new_dim=\dimen148
\l__box_internal_box=\box34
\l__coffin_internal_box=\box35
\l__coffin_internal_dim=\dimen149
\l__coffin_offset_x_dim=\dimen150
\l__coffin_offset_y_dim=\dimen151
\l__coffin_x_dim=\dimen152
\l__coffin_y_dim=\dimen153
\l__coffin_x_prime_dim=\dimen154
\l__coffin_y_prime_dim=\dimen155
\c_empty_coffin=\box36
\l__coffin_aligned_coffin=\box37
\l__coffin_aligned_internal_coffin=\box38
\l_tmpa_coffin=\box39
\l_tmpb_coffin=\box40
\l__coffin_display_coffin=\box41
\l__coffin_display_coord_coffin=\box42
\l__coffin_display_pole_coffin=\box43
\l__coffin_display_offset_dim=\dimen156
\l__coffin_display_x_dim=\dimen157
\l__coffin_display_y_dim=\dimen158
\g__file_internal_ior=\read2
\l__coffin_bounding_shift_dim=\dimen159
\l__coffin_left_corner_dim=\dimen160
\l__coffin_right_corner_dim=\dimen161
\l__coffin_bottom_corner_dim=\dimen162
\l__coffin_top_corner_dim=\dimen163
\l__coffin_scaled_total_height_dim=\dimen164
\l__coffin_scaled_width_dim=\dimen165
) (/usr/local/texlive/2018/texmf-dist/tex/latex/l3kernel/l3xdvipdfmx.def
File: l3xdvidpfmx.def 2018-08-23 v L3 Experimental driver: xdvipdfmx
\g__driver_image_int=\count188
))
Package: xparse 2018-08-23 L3 Experimental document command parser
\l__xparse_current_arg_int=\count189
\g__xparse_grabber_int=\count190
\l__xparse_m_args_int=\count191
\l__xparse_mandatory_args_int=\count192
\l__xparse_v_nesting_int=\count193
)
Package: fontspec 2017/11/09 v2.6g Font selection for XeLaTeX and LuaLaTeX

(/usr/local/texlive/2018/texmf-dist/tex/latex/fontspec/fontspec-xetex.sty
Package: fontspec-xetex 2017/11/09 v2.6g Font selection for XeLaTeX and LuaLaTeX
\l__fontspec_script_int=\count194
\l__fontspec_language_int=\count195
\l__fontspec_strnum_int=\count196
\l__fontspec_tmp_int=\count197
\l__fontspec_em_int=\count198
\l__fontspec_emdef_int=\count199
\l__fontspec_strong_int=\count266
\l__fontspec_strongdef_int=\count267
\l__fontspec_tmpa_dim=\dimen166
\l__fontspec_tmpb_dim=\dimen167
\l__fontspec_tmpc_dim=\dimen168
 (/usr/local/texlive/2018/texmf-dist/tex/latex/base/fontenc.sty
Package: fontenc 2017/04/05 v2.0i Standard LaTeX package
 (/usr/local/texlive/2018/texmf-dist/tex/latex/base/tuenc.def
File: tuenc.def 2017/04/05 v2.0i Standard LaTeX file
LaTeX Font Info:    Redeclaring font encoding TU on input line 82.
))
.................................................
. LaTeX info: "xparse/define-command"
. 
. Defining command \fontspec with sig. 'O{}mO{}' on line 542.
.................................................
.................................................
. LaTeX info: "xparse/define-command"
. 
. Defining command \setmainfont with sig. 'O{}mO{}' on line 546.
.................................................
.................................................
. LaTeX info: "xparse/define-command"
. 
. Defining command \setsansfont with sig. 'O{}mO{}' on line 550.
.................................................
.................................................
. LaTeX info: "xparse/define-command"
. 
. Defining command \setmonofont with sig. 'O{}mO{}' on line 554.
.................................................
.................................................
. LaTeX info: "xparse/define-command"
. 
. Defining command \setmathrm with sig. 'O{}mO{}' on line 558.
.................................................
.................................................
. LaTeX info: "xparse/define-command"
. 
. Defining command \setboldmathrm with sig. 'O{}mO{}' on line 562.
.................................................
.................................................
. LaTeX info: "xparse/define-command"
. 
. Defining command \setmathsf with sig. 'O{}mO{}' on line 566.
.................................................
.................................................
. LaTeX info: "xparse/define-command"
. 
. Defining command \setmathtt with sig. 'O{}mO{}' on line 570.
.................................................
.................................................
. LaTeX info: "xparse/define-command"
. 
. Defining command \setromanfont with sig. 'O{}mO{}' on line 574.
.................................................
.................................................
. LaTeX info: "xparse/define-command"
. 
. Defining command \newfontfamily with sig. 'mO{}mO{}' on line 578.
.................................................
.................................................
. LaTeX info: "xparse/define-command"
. 
. Defining command \newfontface with sig. 'mO{}mO{}' on line 582.
.................................................
.................................................
. LaTeX info: "xparse/define-command"
. 
. Defining command \defaultfontfeatures with sig. 't+om' on line 586.
.................................................
.................................................
. LaTeX info: "xparse/define-command"
. 
. Defining command \addfontfeatures with sig. 'm' on line 590.
.................................................
.................................................
. LaTeX info: "xparse/define-command"
. 
. Defining command \addfontfeature with sig. 'm' on line 594.
.................................................
.................................................
. LaTeX info: "xparse/define-command"
. 
. Defining command \newfontfeature with sig. 'mm' on line 598.
.................................................
.................................................
. LaTeX info: "xparse/define-command"
. 
. Defining command \newAATfeature with sig. 'mmmm' on line 602.
.................................................
.................................................
. LaTeX info: "xparse/define-command"
. 
. Defining command \newopentypefeature with sig. 'mmm' on line 606.
.................................................
.................................................
. LaTeX info: "xparse/define-command"
. 
. Defining command \newICUfeature with sig. 'mmm' on line 610.
.................................................
.................................................
. LaTeX info: "xparse/define-command"
. 
. Defining command \aliasfontfeature with sig. 'mm' on line 614.
.................................................
.................................................
. LaTeX info: "xparse/define-command"
. 
. Defining command \aliasfontfeatureoption with sig. 'mmm' on line 618.
.................................................
.................................................
. LaTeX info: "xparse/define-command"
. 
. Defining command \newfontscript with sig. 'mm' on line 622.
.................................................
.................................................
. LaTeX info: "xparse/define-command"
. 
. Defining command \newfontlanguage with sig. 'mm' on line 626.
.................................................
.................................................
. LaTeX info: "xparse/define-command"
. 
. Defining command \DeclareFontsExtensions with sig. 'm' on line 630.
.................................................
.................................................
. LaTeX info: "xparse/define-command"
. 
. Defining command \IfFontFeatureActiveTF with sig. 'mmm' on line 634.
.................................................
.................................................
. LaTeX info: "xparse/define-command"
. 
. Defining command \EncodingCommand with sig. 'mO{}m' on line 3632.
.................................................
.................................................
. LaTeX info: "xparse/define-command"
. 
. Defining command \EncodingAccent with sig. 'mm' on line 3638.
.................................................
.................................................
. LaTeX info: "xparse/define-command"
. 
. Defining command \EncodingSymbol with sig. 'mm' on line 3644.
.................................................
.................................................
. LaTeX info: "xparse/define-command"
. 
. Defining command \EncodingComposite with sig. 'mmm' on line 3650.
.................................................
.................................................
. LaTeX info: "xparse/define-command"
. 
. Defining command \EncodingCompositeCommand with sig. 'mmm' on line 3656.
.................................................
.................................................
. LaTeX info: "xparse/define-command"
. 
. Defining command \DeclareUnicodeEncoding with sig. 'mm' on line 3681.
.................................................
.................................................
. LaTeX info: "xparse/define-command"
. 
. Defining command \UndeclareSymbol with sig. 'm' on line 3687.
.................................................
.................................................
. LaTeX info: "xparse/define-command"
. 
. Defining command \UndeclareAccent with sig. 'm' on line 3693.
.................................................
.................................................
. LaTeX info: "xparse/define-command"
. 
. Defining command \UndeclareCommand with sig. 'm' on line 3699.
.................................................
.................................................
. LaTeX info: "xparse/define-command"
. 
. Defining command \UndeclareComposite with sig. 'mm' on line 3706.
.................................................
 (/usr/local/texlive/2018/texmf-dist/tex/latex/fontspec/fontspec.cfg)
LaTeX Info: Redefining \itshape on input line 3891.
LaTeX Info: Redefining \slshape on input line 3896.
LaTeX Info: Redefining \scshape on input line 3901.
LaTeX Info: Redefining \upshape on input line 3906.
LaTeX Info: Redefining \em on input line 3936.
LaTeX Info: Redefining \emph on input line 3961.
LaTeX Info: Redefining \- on input line 4015.
.................................................
. LaTeX info: "xparse/redefine-command"
. 
. Redefining command \oldstylenums with sig. 'm' on line 4110.
.................................................
.................................................
. LaTeX info: "xparse/define-command"
. 
. Defining command \liningnums with sig. 'm' on line 4114.
.................................................
)) (/usr/local/texlive/2018/texmf-dist/tex/latex/xkeyval/xkeyval.sty
Package: xkeyval 2014/12/03 v2.7a package option processing (HA)
 (/usr/local/texlive/2018/texmf-dist/tex/generic/xkeyval/xkeyval.tex (/usr/local/texlive/2018/texmf-dist/tex/generic/xkeyval/xkvutils.tex
\XKV@toks=\toks20
\XKV@tempa@toks=\toks21
)
\XKV@depth=\count268
File: xkeyval.tex 2014/12/03 v2.7a key=value parser (HA)
))
\c@eu@=\count269
\c@eu@i=\count270
\c@mkern=\count271
)
\g__fontspec_family_EBGaramond_int=\count272
.................................................
. fontspec info: "no-font-shape"
. 
. Could not resolve font "EB Garamond/B" (it probably doesn't exist).
.................................................
.................................................
. fontspec info: "defining-font"
. 
. Font family 'EBGaramond(0)' created for font 'EB Garamond' with options
. [Numbers={Proportional}].
.  
.  This font family consists of the following NFSS series/shapes:
.  
. - 'normal' (m/n) with NFSS spec.: <->"EB
. Garamond/OT:script=latn;language=DFLT;+pnum;"
. - 'small caps'  (m/sc) with NFSS spec.: <->"EB
. Garamond/OT:script=latn;language=DFLT;+pnum;+smcp;"
. - 'italic' (m/it) with NFSS spec.: <->"EB
. Garamond/I/OT:script=latn;language=DFLT;+pnum;"
. - 'italic small caps'  (m/itsc) with NFSS spec.: <->"EB
. Garamond/I/OT:script=latn;language=DFLT;+pnum;+smcp;"
. - 'bold italic' (bx/it) with NFSS spec.: <->"EB
. Garamond/BI/OT:script=latn;language=DFLT;+pnum;"
. - 'bold italic small caps'  (bx/itsc) with NFSS spec.: <->"EB
. Garamond/BI/OT:script=latn;language=DFLT;+pnum;+smcp;"
.................................................
\symDigits:m:n=\mathgroup6
\symLatin:m:n=\mathgroup7
\symLatin:m:it=\mathgroup8
\symGreek:m:n=\mathgroup9
\symGreek:m:it=\mathgroup10
.................................................
. fontspec info: "no-font-shape"
. 
. Could not resolve font "EB Garamond/B" (it probably doesn't exist).
.................................................
.................................................
. fontspec info: "defining-font"
. 
. Font family 'EBGaramond(1)' created for font 'EB Garamond' with options [].
.  
.  This font family consists of the following NFSS series/shapes:
.  
. - 'normal' (m/n) with NFSS spec.: <->"EB
. Garamond/OT:script=latn;language=DFLT;"
. - 'small caps'  (m/sc) with NFSS spec.: <->"EB
. Garamond/OT:script=latn;language=DFLT;+smcp;"
. - 'italic' (m/it) with NFSS spec.: <->"EB
. Garamond/I/OT:script=latn;language=DFLT;"
. - 'italic small caps'  (m/itsc) with NFSS spec.: <->"EB
. Garamond/I/OT:script=latn;language=DFLT;+smcp;"
. - 'bold italic' (bx/it) with NFSS spec.: <->"EB
. Garamond/BI/OT:script=latn;language=DFLT;"
. - 'bold italic small caps'  (bx/itsc) with NFSS spec.: <->"EB
. Garamond/BI/OT:script=latn;language=DFLT;+smcp;"
.................................................
LaTeX Font Info:    Redeclaring math alphabet \mathrm on input line 83.
LaTeX Font Info:    Overwriting math alphabet `\mathrm' in version `bold'
(Font)                  TU/EBGaramond(1)/m/n --> TU/EBGaramond(1)/bx/n on input line 83.
LaTeX Font Info:    Redeclaring math alphabet \mathit on input line 83.
LaTeX Font Info:    Overwriting math alphabet `\mathit' in version `normal'
(Font)                  OT1/cmr/m/it --> TU/EBGaramond(1)/m/it on input line 83.
LaTeX Font Info:    Overwriting math alphabet `\mathit' in version `bold'
(Font)                  OT1/cmr/bx/it --> TU/EBGaramond(1)/m/it on input line 83.
LaTeX Font Info:    Redeclaring math alphabet \mathbf on input line 83.
LaTeX Font Info:    Overwriting math alphabet `\mathbf' in version `normal'
(Font)                  OT1/cmr/bx/n --> TU/EBGaramond(1)/bx/n on input line 83.
LaTeX Font Info:    Overwriting math alphabet `\mathbf' in version `bold'
(Font)                  OT1/cmr/bx/n --> TU/EBGaramond(1)/bx/n on input line 83.
LaTeX Font Info:    Overwriting math alphabet `\mathit' in version `bold'
(Font)                  TU/EBGaramond(1)/m/it --> TU/EBGaramond(1)/bx/it on input line 83.
\symOperators:m:n=\mathgroup11
.................................................
. fontspec info: "no-font-shape"
. 
. Could not resolve font "EB Garamond/B" (it probably doesn't exist).
.................................................
.................................................
. fontspec info: "defining-font"
. 
. Font family 'EBGaramond(2)' created for font 'EB Garamond' with options
. [Ligatures=TeX,Numbers=OldStyle,Ligatures={Common, TeX},Scale=1.0].
.  
.  This font family consists of the following NFSS series/shapes:
.  
. - 'normal' (m/n) with NFSS spec.: <->s*[1.0]"EB
. Garamond/OT:script=latn;language=DFLT;+onum;+liga;mapping=tex-text;"
. - 'small caps'  (m/sc) with NFSS spec.: <->s*[1.0]"EB
. Garamond/OT:script=latn;language=DFLT;+onum;+liga;+smcp;mapping=tex-text;"
. - 'italic' (m/it) with NFSS spec.: <->s*[1.0]"EB
. Garamond/I/OT:script=latn;language=DFLT;+onum;+liga;mapping=tex-text;"
. - 'italic small caps'  (m/itsc) with NFSS spec.: <->s*[1.0]"EB
. Garamond/I/OT:script=latn;language=DFLT;+onum;+liga;+smcp;mapping=tex-text;"
. - 'bold italic' (bx/it) with NFSS spec.: <->s*[1.0]"EB
. Garamond/BI/OT:script=latn;language=DFLT;+onum;+liga;mapping=tex-text;"
. - 'bold italic small caps'  (bx/itsc) with NFSS spec.: <->s*[1.0]"EB
. Garamond/BI/OT:script=latn;language=DFLT;+onum;+liga;+smcp;mapping=tex-text;"
.................................................
LaTeX Info: Redefining \rmfamily on input line 88.
LaTeX Font Info:    Font shape `TU/EBGaramond(2)/m/n' will be
(Font)              scaled to size 12.0pt on input line 88.
.................................................
. fontspec info: "no-font-shape"
. 
. Could not resolve font "EB Garamond/B" (it probably doesn't exist).
.................................................
.................................................
. fontspec info: "defining-font"
. 
. Font family 'EBGaramond(3)' created for font 'EB Garamond' with options
. [RawFeature={+c2sc,+scmp}].
.  
.  This font family consists of the following NFSS series/shapes:
.  
. - 'normal' (m/n) with NFSS spec.: <->"EB
. Garamond/OT:script=latn;language=DFLT;+c2sc,+scmp;"
. - 'small caps'  (m/sc) with NFSS spec.: <->"EB
. Garamond/OT:script=latn;language=DFLT;+c2sc,+scmp;+smcp;"
. - 'italic' (m/it) with NFSS spec.: <->"EB
. Garamond/I/OT:script=latn;language=DFLT;+c2sc,+scmp;"
. - 'italic small caps'  (m/itsc) with NFSS spec.: <->"EB
. Garamond/I/OT:script=latn;language=DFLT;+c2sc,+scmp;+smcp;"
. - 'bold italic' (bx/it) with NFSS spec.: <->"EB
. Garamond/BI/OT:script=latn;language=DFLT;+c2sc,+scmp;"
. - 'bold italic small caps'  (bx/itsc) with NFSS spec.: <->"EB
. Garamond/BI/OT:script=latn;language=DFLT;+c2sc,+scmp;+smcp;"
.................................................
.................................................
. fontspec info: "set-scale"
. 
. Lato Regular scale = 0.8094761101403867.
.................................................
\g__fontspec_family_LatoRegular_int=\count273
.................................................
. fontspec info: "set-scale"
. 
. Lato Regular scale = 0.8094761101403867.
.................................................
.................................................
. fontspec info: "set-scale"
. 
. Lato Bold scale = 0.7992192147531231.
.................................................
.................................................
. fontspec info: "set-scale"
. 
. Lato Regular/I scale = 0.8094761101403867.
.................................................
.................................................
. fontspec info: "set-scale"
. 
. Lato Bold/I scale = 0.7992192147531231.
.................................................
.................................................
. fontspec info: "defining-font"
. 
. Font family 'LatoRegular(0)' created for font 'Lato Regular' with options
. [Ligatures=TeX,Scale=MatchLowercase,BoldFont={Lato Bold}].
.  
.  This font family consists of the following NFSS series/shapes:
.  
. - 'normal' (m/n) with NFSS spec.: <->s*[0.8094761101403867]"Lato
. Regular/OT:script=latn;language=DFLT;mapping=tex-text;"
. - 'small caps'  (m/sc) with NFSS spec.: 
. - 'bold' (bx/n) with NFSS spec.: <->s*[0.7992192147531231]"Lato
. Bold/OT:script=latn;language=DFLT;mapping=tex-text;"
. - 'bold small caps'  (bx/sc) with NFSS spec.: 
. - 'italic' (m/it) with NFSS spec.: <->s*[0.8094761101403867]"Lato
. Regular/I/OT:script=latn;language=DFLT;mapping=tex-text;"
. - 'italic small caps'  (m/itsc) with NFSS spec.: 
. - 'bold italic' (bx/it) with NFSS spec.: <->s*[0.7992192147531231]"Lato
. Bold/I/OT:script=latn;language=DFLT;mapping=tex-text;"
. - 'bold italic small caps'  (bx/itsc) with NFSS spec.: 
.................................................
LaTeX Info: Redefining \sffamily on input line 90.
.................................................
. fontspec info: "set-scale"
. 
. Source Code Pro scale = 0.8541671633725133.
.................................................
\g__fontspec_family_SourceCodePro_int=\count274
.................................................
. fontspec info: "no-font-shape"
. 
. Could not resolve font "Source Code Pro/I" (it probably doesn't exist).
.................................................
.................................................
. fontspec info: "set-scale"
. 
. Source Code Pro scale = 0.8541671633725133.
.................................................
.................................................
. fontspec info: "set-scale"
. 
. Source Code Pro/B scale = 0.8541671633725133.
.................................................
.................................................
. fontspec info: "set-scale"
. 
. Source Code Pro/BI scale = 0.8541671633725133.
.................................................
.................................................
. fontspec info: "defining-font"
. 
. Font family 'SourceCodePro(0)' created for font 'Source Code Pro' with
. options
. [WordSpace={1,0,0},HyphenChar=None,PunctuationSpace=WordSpace,Scale=MatchLowercase].
.  
.  This font family consists of the following NFSS series/shapes:
.  
. - 'normal' (m/n) with NFSS spec.: <->s*[0.8541671633725133]"Source Code
. Pro/OT:script=latn;language=DFLT;"
. - 'small caps'  (m/sc) with NFSS spec.: 
. and font adjustment code:
. \fontdimen 2\font =1\fontdimen 2\font \fontdimen 3\font =0\fontdimen 3\font
. \fontdimen 4\font =0\fontdimen 4\font \fontdimen 7\font =0\fontdimen 2\font
. \tex_hyphenchar:D \font =-1\scan_stop: 
. - 'bold' (bx/n) with NFSS spec.: <->s*[0.8541671633725133]"Source Code
. Pro/B/OT:script=latn;language=DFLT;"
. - 'bold small caps'  (bx/sc) with NFSS spec.: 
. and font adjustment code:
. \fontdimen 2\font =1\fontdimen 2\font \fontdimen 3\font =0\fontdimen 3\font
. \fontdimen 4\font =0\fontdimen 4\font \fontdimen 7\font =0\fontdimen 2\font
. \tex_hyphenchar:D \font =-1\scan_stop: 
. - 'bold italic' (bx/it) with NFSS spec.: <->s*[0.8541671633725133]"Source
. Code Pro/BI/OT:script=latn;language=DFLT;"
. - 'bold italic small caps'  (bx/itsc) with NFSS spec.: 
. and font adjustment code:
. \fontdimen 2\font =1\fontdimen 2\font \fontdimen 3\font =0\fontdimen 3\font
. \fontdimen 4\font =0\fontdimen 4\font \fontdimen 7\font =0\fontdimen 2\font
. \tex_hyphenchar:D \font =-1\scan_stop: 
.................................................
LaTeX Info: Redefining \ttfamily on input line 91.
 (/usr/local/texlive/2018/texmf-dist/tex/latex/caption/caption.sty
Package: caption 2016/02/21 v3.3-144 Customizing captions (AR)
 (/usr/local/texlive/2018/texmf-dist/tex/latex/caption/caption3.sty
Package: caption3 2016/05/22 v1.7-166 caption3 kernel (AR)
Package caption3 Info: TeX engine: e-TeX on input line 67.
\captionmargin=\dimen169
\captionmargin@=\dimen170
\captionwidth=\dimen171
\caption@tempdima=\dimen172
\caption@indent=\dimen173
\caption@parindent=\dimen174
\caption@hangindent=\dimen175
)
Package caption Info: We need package `newfloat' on input line 292.
 (/usr/local/texlive/2018/texmf-dist/tex/latex/caption/newfloat.sty
Package: newfloat 2015/09/17 v1.1-109 Defining new floating environments (AR)
)
\c@ContinuedFloat=\count275
Package caption Info: hyperref package is loaded.
) (/usr/local/texlive/2018/texmf-dist/tex/latex/microtype/microtype.sty
Package: microtype 2018/01/14 v2.7a Micro-typographical refinements (RS)
\MT@toks=\toks22
\MT@count=\count276
LaTeX Info: Redefining \textls on input line 793.
\MT@outer@kern=\dimen176
LaTeX Info: Redefining \textmicrotypecontext on input line 1339.
\MT@listname@count=\count277
 (/usr/local/texlive/2018/texmf-dist/tex/latex/microtype/microtype-xetex.def
File: microtype-xetex.def 2018/01/14 v2.7a Definitions specific to xetex (RS)
LaTeX Info: Redefining \lsstyle on input line 256.
)
Package microtype Info: Loading configuration file microtype.cfg.
 (/usr/local/texlive/2018/texmf-dist/tex/latex/microtype/microtype.cfg
File: microtype.cfg 2018/01/14 v2.7a microtype main configuration file (RS)
)) (/usr/local/texlive/2018/texmf-dist/tex/latex/fancyhdr/fancyhdr.sty
Package: fancyhdr 2017/06/30 v3.9a Extensive control of page headers and footers
\f@nch@headwidth=\skip64
\f@nch@O@elh=\skip65
\f@nch@O@erh=\skip66
\f@nch@O@olh=\skip67
\f@nch@O@orh=\skip68
\f@nch@O@elf=\skip69
\f@nch@O@erf=\skip70
\f@nch@O@olf=\skip71
\f@nch@O@orf=\skip72
) (/usr/local/texlive/2018/texmf-dist/tex/latex/titlesec/titlesec.sty
Package: titlesec 2016/03/21 v2.10.2 Sectioning titles
\ttl@box=\box44
\beforetitleunit=\skip73
\aftertitleunit=\skip74
\ttl@plus=\dimen177
\ttl@minus=\dimen178
\ttl@toksa=\toks23
\titlewidth=\dimen179
\titlewidthlast=\dimen180
\titlewidthfirst=\dimen181
) (/usr/local/texlive/2018/texmf-dist/tex/latex/titling/titling.sty
Package: titling 2009/09/04 v2.1d maketitle typesetting
\thanksmarkwidth=\skip75
\thanksmargin=\skip76
\droptitle=\skip77
) (/usr/local/texlive/2018/texmf-dist/tex/latex/tocloft/tocloft.sty
Package: tocloft 2017/08/31 v2.3i parameterised ToC, etc., typesetting
Package tocloft Info: The document has chapter divisions on input line 51.
\cftparskip=\skip78
\cftbeforetoctitleskip=\skip79
\cftaftertoctitleskip=\skip80
\cftbeforepartskip=\skip81
\cftpartnumwidth=\skip82
\cftpartindent=\skip83
\cftbeforechapskip=\skip84
\cftchapindent=\skip85
\cftchapnumwidth=\skip86
\cftbeforesecskip=\skip87
\cftsecindent=\skip88
\cftsecnumwidth=\skip89
\cftbeforesubsecskip=\skip90
\cftsubsecindent=\skip91
\cftsubsecnumwidth=\skip92
\cftbeforesubsubsecskip=\skip93
\cftsubsubsecindent=\skip94
\cftsubsubsecnumwidth=\skip95
\cftbeforeparaskip=\skip96
\cftparaindent=\skip97
\cftparanumwidth=\skip98
\cftbeforesubparaskip=\skip99
\cftsubparaindent=\skip100
\cftsubparanumwidth=\skip101
\cftbeforeloftitleskip=\skip102
\cftafterloftitleskip=\skip103
\cftbeforefigskip=\skip104
\cftfigindent=\skip105
\cftfignumwidth=\skip106
\c@lofdepth=\count278
\c@lotdepth=\count279
\cftbeforelottitleskip=\skip107
\cftafterlottitleskip=\skip108
\cftbeforetabskip=\skip109
\cfttabindent=\skip110
\cfttabnumwidth=\skip111
) (/usr/local/texlive/2018/texmf-dist/tex/latex/appendix/appendix.sty
Package: appendix 2009/09/02 v1.2b extra appendix facilities
\c@@pps=\count280
\c@@ppsavesec=\count281
\c@@ppsaveapp=\count282
) (/usr/local/texlive/2018/texmf-dist/tex/latex/natbib/natbib.sty
Package: natbib 2010/09/13 8.31b (PWD, AO)
\bibhang=\skip112
\bibsep=\skip113
LaTeX Info: Redefining \cite on input line 694.
\c@NAT@ctr=\count283
) (/usr/local/texlive/2018/texmf-dist/tex/latex/quotchap/quotchap.sty
Package: quotchap 2012/10/20 v1.1 Decorative Chapter Headings with Quotes
\@quotebox=\box45
)
\mybibindent=\skip114
Package hyperref Info: Option `colorlinks' set `true' on input line 198.
) (/usr/local/texlive/2018/texmf-dist/tex/latex/layouts/layouts.sty
Package: layouts 2009/09/02 v2.6d graphical depiction of document elements
\l@ylen=\skip115
\layoutsbox=\box46
\l@youtunitlength=\skip116
\l@youtlinethick=\skip117
\l@youtlinethickii=\skip118
\l@ysetupparskip=\skip119
\l@ysetupbaselineskip=\skip120
\l@yonem=\skip121
\l@yonex=\skip122
\l@ylmarg=\skip123
\l@yrmarg=\skip124
\l@yitmindent=\skip125
\l@ylblwidth=\skip126
\l@ylblsep=\skip127
\l@ylparindent=\skip128
\l@ytsep=\skip129
\l@ypskip=\skip130
\l@yptsep=\skip131
\l@ypsep=\skip132
\l@yitmsep=\skip133
\l@ytok=\toks24
\l@youtpw=\count284
\l@youtph=\count285
\l@youthpi=\count286
\l@youthpii=\count287
\l@youthpiii=\count288
\l@youthpiv=\count289
\l@youthpv=\count290
\l@youthpvi=\count291
\l@youthpvii=\count292
\l@youtparskip=\count293
\l@youtvpi=\count294
\l@youtvpii=\count295
\l@youtvpiii=\count296
\l@youtvpiv=\count297
\l@youtvpv=\count298
\l@youtvpvi=\count299
\l@youtvpvii=\count300
\l@youthdo=\count301
\l@youthdi=\count302
\l@youthdii=\count303
\l@youthdiii=\count304
\l@youthdiv=\count305
\l@youthdv=\count306
\l@youthdvi=\count307
\l@youthdvii=\count308
\l@youtvdo=\count309
\l@youtvdi=\count310
\l@youtvdii=\count311
\l@youtvdiii=\count312
\l@youtvdiv=\count313
\l@youtvdv=\count314
\l@youtvdvi=\count315
\l@youtvdvii=\count316
\l@youtvdviii=\count317
\l@youtxci=\count318
\l@youtxcii=\count319
\l@youtxciii=\count320
\l@youtxciv=\count321
\l@youtxcv=\count322
\l@youtxcvi=\count323
\l@youtyci=\count324
\l@youtycii=\count325
\l@youtyciii=\count326
\l@youtyciv=\count327
\l@youtycv=\count328
\l@youtycvi=\count329
\l@youtycvii=\count330
\l@youtycviii=\count331
\l@youtxco=\count332
\l@youtyco=\count333
\l@ytempdima=\skip134
\stockwidth=\skip135
\stockheight=\skip136
\trimedge=\skip137
\trimtop=\skip138
\uppermargin=\skip139
\spinemargin=\skip140
) (/usr/local/texlive/2018/texmf-dist/tex/latex/float/float.sty
Package: float 2001/11/08 v1.3d Float enhancements (AL)
\c@float@type=\count334
\float@exts=\toks25
\float@box=\box47
\@float@everytoks=\toks26
\@floatcapt=\box48
) (/usr/local/texlive/2018/texmf-dist/tex/latex/truncate/truncate.sty
Package: truncate 2001/08/20  ver 3.6
\@Trunc@RestHyph=\toks27
) (/usr/local/texlive/2018/texmf-dist/tex/latex/caption/subcaption.sty
Package: subcaption 2016/05/22 v1.1-161 Sub-captions (AR)
\c@subfigure=\count335
\c@subtable=\count336
) (/usr/local/texlive/2018/texmf-dist/tex/latex/amsmath/amsmath.sty
Package: amsmath 2017/09/02 v2.17a AMS math features
\@mathmargin=\skip141

For additional information on amsmath, use the `?' option.
(/usr/local/texlive/2018/texmf-dist/tex/latex/amsmath/amsbsy.sty
Package: amsbsy 1999/11/29 v1.2d Bold Symbols
\pmbraise@=\dimen182
) (/usr/local/texlive/2018/texmf-dist/tex/latex/amsmath/amsopn.sty
Package: amsopn 2016/03/08 v2.02 operator names
)
\inf@bad=\count337
LaTeX Info: Redefining \frac on input line 213.
\uproot@=\count338
\leftroot@=\count339
LaTeX Font Info:    Redeclaring math symbol \varTheta on input line 373.
LaTeX Info: Redefining \overline on input line 375.
\classnum@=\count340
\DOTSCASE@=\count341
LaTeX Info: Redefining \ldots on input line 472.
LaTeX Info: Redefining \dots on input line 475.
LaTeX Info: Redefining \cdots on input line 596.
\Mathstrutbox@=\box49
\strutbox@=\box50
\big@size=\dimen183
LaTeX Font Info:    Redeclaring font encoding OML on input line 712.
LaTeX Font Info:    Redeclaring font encoding OMS on input line 713.
\macc@depth=\count342
\c@MaxMatrixCols=\count343
\dotsspace@=\muskip17
\c@parentequation=\count344
\dspbrk@lvl=\count345
\tag@help=\toks28
\row@=\count346
\column@=\count347
\maxfields@=\count348
\andhelp@=\toks29
\eqnshift@=\dimen184
\alignsep@=\dimen185
\tagshift@=\dimen186
\tagwidth@=\dimen187
\totwidth@=\dimen188
\lineht@=\dimen189
\@envbody=\toks30
\multlinegap=\skip142
\multlinetaggap=\skip143
\mathdisplay@stack=\toks31
LaTeX Info: Redefining \[ on input line 2817.
LaTeX Info: Redefining \] on input line 2818.
) (/usr/local/texlive/2018/texmf-dist/tex/latex/xltxtra/xltxtra.sty
Package: xltxtra 2016/01/21 v0.6 Improvements for the "XeLaTeX" format
 (/usr/local/texlive/2018/texmf-dist/tex/latex/realscripts/realscripts.sty
Package: realscripts 2016/02/13 v0.3d Access OpenType subscripts and superscripts
.................................................
. LaTeX info: "xparse/define-command"
. 
. Defining command \fakesubscript with sig. 'm' on line 19.
.................................................
.................................................
. LaTeX info: "xparse/define-command"
. 
. Defining command \fakesuperscript with sig. 'm' on line 22.
.................................................
.................................................
. LaTeX info: "xparse/redefine-command"
. 
. Redefining command \textsubscript with sig. 's' on line 25.
.................................................
.................................................
. LaTeX info: "xparse/redefine-command"
. 
. Redefining command \textsuperscript with sig. 's' on line 28.
.................................................
.................................................
. LaTeX info: "xparse/define-command"
. 
. Defining command \realsubscript with sig. 'm' on line 45.
.................................................
.................................................
. LaTeX info: "xparse/define-command"
. 
. Defining command \realsuperscript with sig. 'm' on line 60.
.................................................
.................................................
. LaTeX info: "xparse/define-command"
. 
. Defining command \textsubsuperscript with sig. 'sO{l}mm' on line 138.
.................................................
.................................................
. LaTeX info: "xparse/define-command"
. 
. Defining command \textsupersubscript with sig. 'sO{l}mm' on line 143.
.................................................
\subsupersep=\dimen190
) (/usr/local/texlive/2018/texmf-dist/tex/latex/metalogo/metalogo.sty
Package: metalogo 2010/05/29 v0.12 Extended TeX logo macros
\xl@everylogo=\toks32
\xl@@everylogo=\toks33
LaTeX Info: Redefining \TeX on input line 193.
LaTeX Info: Redefining \LaTeX on input line 202.
LaTeX Info: Redefining \LaTeXe on input line 219.
)
\l__xetex_show_hyphens_wrapping_box=\box51
\l__xetex_show_hyphens_temp_box=\box52
\l__xetex_show_hyphens_final_box=\box53
\g__xetex_show_hyphens_word_box=\box54
) (/usr/local/texlive/2018/texmf-dist/tex/xelatex/xunicode/xunicode.sty
File: xunicode.sty 2011/09/09 v0.981 provides access to latin accents and many other characters in Unicode lower plane
 (/usr/local/texlive/2018/texmf-dist/tex/latex/tipa/t3enc.def
File: t3enc.def 2001/12/31 T3 encoding
LaTeX Font Info:    Font shape `TU/EBGaramond(2)/m/sl' in size <12> not available
(Font)              Font shape `TU/EBGaramond(2)/m/it' tried instead on input line 316.
LaTeX Font Info:    Font shape `TU/EBGaramond(2)/m/it' will be
(Font)              scaled to size 12.0pt on input line 316.


LaTeX Font Warning: Font shape `TU/EBGaramond(2)/bx/n' undefined
(Font)              using `TU/EBGaramond(2)/m/n' instead on input line 356.

LaTeX Font Info:    Font shape `TU/LatoRegular(0)/m/n' will be
(Font)              scaled to size 9.71375pt on input line 357.
)
\tipaTiiicode=\count349
\tipasavetokens=\toks34
\tipachecktokens=\toks35
) (/usr/local/texlive/2018/texmf-dist/tex/latex/upquote/upquote.sty
Package: upquote 2012/04/19 v1.3 upright-quote and grave-accent glyphs in verbatim
 (/usr/local/texlive/2018/texmf-dist/tex/latex/base/textcomp.sty
Package: textcomp 2017/04/05 v2.0i Standard LaTeX package
Package textcomp Info: Sub-encoding information:
(textcomp)               5 = only ISO-Adobe without \textcurrency
(textcomp)               4 = 5 + \texteuro
(textcomp)               3 = 4 + \textohm
(textcomp)               2 = 3 + \textestimated + \textcurrency
(textcomp)               1 = TS1 - \textcircled - \t
(textcomp)               0 = TS1 (full)
(textcomp)             Font families with sub-encoding setting implement
(textcomp)             only a restricted character set as indicated.
(textcomp)             Family '?' is the default used for unknown fonts.
(textcomp)             See the documentation for details.
Package textcomp Info: Setting ? sub-encoding to TS1/1 on input line 79.
 (/usr/local/texlive/2018/texmf-dist/tex/latex/base/ts1enc.def
File: ts1enc.def 2001/06/05 v3.0e (jk/car/fm) Standard LaTeX file
)
LaTeX Info: Redefining \oldstylenums on input line 334.
Package textcomp Info: Setting cmr sub-encoding to TS1/0 on input line 349.
Package textcomp Info: Setting cmss sub-encoding to TS1/0 on input line 350.
Package textcomp Info: Setting cmtt sub-encoding to TS1/0 on input line 351.
Package textcomp Info: Setting cmvtt sub-encoding to TS1/0 on input line 352.
Package textcomp Info: Setting cmbr sub-encoding to TS1/0 on input line 353.
Package textcomp Info: Setting cmtl sub-encoding to TS1/0 on input line 354.
Package textcomp Info: Setting ccr sub-encoding to TS1/0 on input line 355.
Package textcomp Info: Setting ptm sub-encoding to TS1/4 on input line 356.
Package textcomp Info: Setting pcr sub-encoding to TS1/4 on input line 357.
Package textcomp Info: Setting phv sub-encoding to TS1/4 on input line 358.
Package textcomp Info: Setting ppl sub-encoding to TS1/3 on input line 359.
Package textcomp Info: Setting pag sub-encoding to TS1/4 on input line 360.
Package textcomp Info: Setting pbk sub-encoding to TS1/4 on input line 361.
Package textcomp Info: Setting pnc sub-encoding to TS1/4 on input line 362.
Package textcomp Info: Setting pzc sub-encoding to TS1/4 on input line 363.
Package textcomp Info: Setting bch sub-encoding to TS1/4 on input line 364.
Package textcomp Info: Setting put sub-encoding to TS1/5 on input line 365.
Package textcomp Info: Setting uag sub-encoding to TS1/5 on input line 366.
Package textcomp Info: Setting ugq sub-encoding to TS1/5 on input line 367.
Package textcomp Info: Setting ul8 sub-encoding to TS1/4 on input line 368.
Package textcomp Info: Setting ul9 sub-encoding to TS1/4 on input line 369.
Package textcomp Info: Setting augie sub-encoding to TS1/5 on input line 370.
Package textcomp Info: Setting dayrom sub-encoding to TS1/3 on input line 371.
Package textcomp Info: Setting dayroms sub-encoding to TS1/3 on input line 372.
Package textcomp Info: Setting pxr sub-encoding to TS1/0 on input line 373.
Package textcomp Info: Setting pxss sub-encoding to TS1/0 on input line 374.
Package textcomp Info: Setting pxtt sub-encoding to TS1/0 on input line 375.
Package textcomp Info: Setting txr sub-encoding to TS1/0 on input line 376.
Package textcomp Info: Setting txss sub-encoding to TS1/0 on input line 377.
Package textcomp Info: Setting txtt sub-encoding to TS1/0 on input line 378.
Package textcomp Info: Setting lmr sub-encoding to TS1/0 on input line 379.
Package textcomp Info: Setting lmdh sub-encoding to TS1/0 on input line 380.
Package textcomp Info: Setting lmss sub-encoding to TS1/0 on input line 381.
Package textcomp Info: Setting lmssq sub-encoding to TS1/0 on input line 382.
Package textcomp Info: Setting lmvtt sub-encoding to TS1/0 on input line 383.
Package textcomp Info: Setting lmtt sub-encoding to TS1/0 on input line 384.
Package textcomp Info: Setting qhv sub-encoding to TS1/0 on input line 385.
Package textcomp Info: Setting qag sub-encoding to TS1/0 on input line 386.
Package textcomp Info: Setting qbk sub-encoding to TS1/0 on input line 387.
Package textcomp Info: Setting qcr sub-encoding to TS1/0 on input line 388.
Package textcomp Info: Setting qcs sub-encoding to TS1/0 on input line 389.
Package textcomp Info: Setting qpl sub-encoding to TS1/0 on input line 390.
Package textcomp Info: Setting qtm sub-encoding to TS1/0 on input line 391.
Package textcomp Info: Setting qzc sub-encoding to TS1/0 on input line 392.
Package textcomp Info: Setting qhvc sub-encoding to TS1/0 on input line 393.
Package textcomp Info: Setting futs sub-encoding to TS1/4 on input line 394.
Package textcomp Info: Setting futx sub-encoding to TS1/4 on input line 395.
Package textcomp Info: Setting futj sub-encoding to TS1/4 on input line 396.
Package textcomp Info: Setting hlh sub-encoding to TS1/3 on input line 397.
Package textcomp Info: Setting hls sub-encoding to TS1/3 on input line 398.
Package textcomp Info: Setting hlst sub-encoding to TS1/3 on input line 399.
Package textcomp Info: Setting hlct sub-encoding to TS1/5 on input line 400.
Package textcomp Info: Setting hlx sub-encoding to TS1/5 on input line 401.
Package textcomp Info: Setting hlce sub-encoding to TS1/5 on input line 402.
Package textcomp Info: Setting hlcn sub-encoding to TS1/5 on input line 403.
Package textcomp Info: Setting hlcw sub-encoding to TS1/5 on input line 404.
Package textcomp Info: Setting hlcf sub-encoding to TS1/5 on input line 405.
Package textcomp Info: Setting pplx sub-encoding to TS1/3 on input line 406.
Package textcomp Info: Setting pplj sub-encoding to TS1/3 on input line 407.
Package textcomp Info: Setting ptmx sub-encoding to TS1/4 on input line 408.
Package textcomp Info: Setting ptmj sub-encoding to TS1/4 on input line 409.
))
\@float@every@codelisting=\toks36
\c@codelisting=\count350
 (/Users/gert-janboth/Documents/Afstuderen/Report/.texpadtmp/thesis.aux

LaTeX Warning: Label `eq:diffusion' multiply defined.

)
\openout1 = `thesis.aux'.

LaTeX Font Info:    Checking defaults for OML/cmm/m/it on input line 85.
LaTeX Font Info:    ... okay on input line 85.
LaTeX Font Info:    Checking defaults for T1/cmr/m/n on input line 85.
LaTeX Font Info:    ... okay on input line 85.
LaTeX Font Info:    Checking defaults for OT1/cmr/m/n on input line 85.
LaTeX Font Info:    ... okay on input line 85.
LaTeX Font Info:    Checking defaults for OMS/cmsy/m/n on input line 85.
LaTeX Font Info:    ... okay on input line 85.
LaTeX Font Info:    Checking defaults for TU/lmr/m/n on input line 85.
LaTeX Font Info:    ... okay on input line 85.
LaTeX Font Info:    Checking defaults for OMX/cmex/m/n on input line 85.
LaTeX Font Info:    ... okay on input line 85.
LaTeX Font Info:    Checking defaults for U/cmr/m/n on input line 85.
LaTeX Font Info:    ... okay on input line 85.
LaTeX Font Info:    Checking defaults for PD1/pdf/m/n on input line 85.
LaTeX Font Info:    ... okay on input line 85.
LaTeX Font Info:    Checking defaults for PU/pdf/m/n on input line 85.
LaTeX Font Info:    ... okay on input line 85.
LaTeX Font Info:    Checking defaults for T3/cmr/m/n on input line 85.
LaTeX Font Info:    Try loading font information for T3+cmr on input line 85.
 (/usr/local/texlive/2018/texmf-dist/tex/latex/tipa/t3cmr.fd
File: t3cmr.fd 2001/12/31 TIPA font definitions
)
LaTeX Font Info:    ... okay on input line 85.
LaTeX Font Info:    Checking defaults for TS1/cmr/m/n on input line 85.
LaTeX Font Info:    Try loading font information for TS1+cmr on input line 85.
 (/usr/local/texlive/2018/texmf-dist/tex/latex/base/ts1cmr.fd
File: ts1cmr.fd 2014/09/29 v2.5h Standard LaTeX font definitions
)
LaTeX Font Info:    ... okay on input line 85.

*geometry* driver: auto-detecting
*geometry* detected driver: xetex
*geometry* verbose mode - [ preamble ] result:
* driver: xetex
* paper: letterpaper
* layout: <same size as paper>
* layoutoffset:(h,v)=(0.0pt,0.0pt)
* modes: 
* h-part:(L,W,R)=(99.37125pt, 415.55249pt, 99.37126pt)
* v-part:(T,H,B)=(95.39737pt, 556.47656pt, 143.09605pt)
* \paperwidth=614.295pt
* \paperheight=794.96999pt
* \textwidth=415.55249pt
* \textheight=556.47656pt
* \oddsidemargin=27.10126pt
* \evensidemargin=27.10126pt
* \topmargin=-8.74641pt
* \headheight=15.0pt
* \headsep=19.8738pt
* \topskip=12.0pt
* \footskip=30.0pt
* \marginparwidth=47.0pt
* \marginparsep=7.0pt
* \columnsep=10.0pt
* \skip\footins=10.8pt plus 4.0pt minus 2.0pt
* \hoffset=0.0pt
* \voffset=0.0pt
* \mag=1000
* \@twocolumnfalse
* \@twosidefalse
* \@mparswitchfalse
* \@reversemarginfalse
* (1in=72.27pt=25.4mm, 1cm=28.453pt)

ABD: EverySelectfont initializing macros
LaTeX Info: Redefining \selectfont on input line 85.
\AtBeginShipoutBox=\box55


Package hyperref Warning: Height of page (\stockheight) is invalid (0.0pt),
(hyperref)                using 11in.

Package hyperref Info: Link coloring ON on input line 85.
(/usr/local/texlive/2018/texmf-dist/tex/latex/hyperref/nameref.sty
Package: nameref 2016/05/21 v2.44 Cross-referencing by name of section
 (/usr/local/texlive/2018/texmf-dist/tex/generic/oberdiek/gettitlestring.sty
Package: gettitlestring 2016/05/16 v1.5 Cleanup title references (HO)
)
\c@section@level=\count351
)
LaTeX Info: Redefining \ref on input line 85.
LaTeX Info: Redefining \pageref on input line 85.
LaTeX Info: Redefining \nameref on input line 85.
 (/Users/gert-janboth/Documents/Afstuderen/Report/.texpadtmp/thesis.out) (/Users/gert-janboth/Documents/Afstuderen/Report/.texpadtmp/thesis.out)
\@outlinefile=\write3
\openout3 = `thesis.out'.

Package caption Info: Begin \AtBeginDocument code.
Package caption Info: float package is loaded.
Package caption Info: End \AtBeginDocument code.
Package caption Info: We need package `ragged2e' on input line 85.
LaTeX Info: Redefining \microtypecontext on input line 85.
Package microtype Info: Character protrusion enabled (level 2).
Package microtype Info: Using protrusion set `basicmath'.
Package microtype Info: No adjustment of tracking.
Package microtype Info: No adjustment of spacing.
Package microtype Info: No adjustment of kerning.
 (/usr/local/texlive/2018/texmf-dist/tex/latex/ebgaramond/mt-EBGaramond.cfg
File: mt-EBGaramond.cfg 2013/05/22 v1.1 microtype config. file: EB Garamond
)
Package microtype Info: Loading generic protrusion settings for font family
(microtype)             `EBGaramond' (encoding: TU).
(microtype)             For optimal results, create family-specific settings.
(microtype)             See the microtype manual for details.


Package layouts Warning: Layout scale set to 0.5 on input line 85.

LaTeX Font Info:    Font shape `TU/EBGaramond(2)/m/n' will be
(Font)              scaled to size 24.88pt on input line 96.
LaTeX Font Info:    Font shape `TU/EBGaramond(2)/m/n' will be
(Font)              scaled to size 17.28pt on input line 101.
(/usr/local/texlive/2018/texmf-dist/tex/generic/oberdiek/se-ascii-print.def
File: se-ascii-print.def 2016/05/16 v1.11 stringenc: Printable ASCII characters
) [1


]
LaTeX Font Info:    Try loading font information for T1+ppl on input line 133.
 (/usr/local/texlive/2018/texmf-dist/tex/latex/psnfss/t1ppl.fd
File: t1ppl.fd 2001/06/04 font definitions for T1/ppl.
) (/usr/local/texlive/2018/texmf-dist/tex/latex/microtype/mt-ppl.cfg
File: mt-ppl.cfg 2005/11/16 v1.6 microtype config. file: Palatino (RS)
) [1

] (/Users/gert-janboth/Documents/Afstuderen/Report/.texpadtmp/thesis.toc
LaTeX Font Info:    Font shape `TU/EBGaramond(2)/m/sc' will be
(Font)              scaled to size 12.0pt on input line 1.
LaTeX Font Info:    Font shape `TU/EBGaramond(2)/bx/n' will be
(Font)              scaled to size 12.0pt on input line 1.
 (/usr/local/texlive/2018/texmf-dist/tex/latex/microtype/mt-cmr.cfg
File: mt-cmr.cfg 2013/05/19 v2.2 microtype config. file: Computer Modern Roman (RS)
)
LaTeX Font Info:    Try loading font information for U+msa on input line 1.
 (/usr/local/texlive/2018/texmf-dist/tex/latex/amsfonts/umsa.fd
File: umsa.fd 2013/01/14 v3.01 AMS symbols A
) (/usr/local/texlive/2018/texmf-dist/tex/latex/microtype/mt-msa.cfg
File: mt-msa.cfg 2006/02/04 v1.1 microtype config. file: AMS symbols (a) (RS)
)
LaTeX Font Info:    Try loading font information for U+msb on input line 1.
 (/usr/local/texlive/2018/texmf-dist/tex/latex/amsfonts/umsb.fd
File: umsb.fd 2013/01/14 v3.01 AMS symbols B
) (/usr/local/texlive/2018/texmf-dist/tex/latex/microtype/mt-msb.cfg
File: mt-msb.cfg 2005/06/01 v1.0 microtype config. file: AMS symbols (b) (RS)
) [1

])
\tf@toc=\write4
\openout4 = `thesis.toc'.

 [2]
Chapter 1.
.................................................
. fontspec info: "no-font-shape"
. 
. Could not resolve font "EB Garamond/B" (it probably doesn't exist).
.................................................
.................................................
. fontspec info: "defining-font"
. 
. Font family 'EBGaramond(4)' created for font 'EB Garamond' with options
. [Ligatures=TeX,Numbers=OldStyle,Ligatures={Common,
. TeX},Scale=1.0,VerticalPosition=Superior].
.  
.  This font family consists of the following NFSS series/shapes:
.  
. - 'normal' (m/n) with NFSS spec.: <->s*[1.0]"EB
. Garamond/OT:script=latn;language=DFLT;+onum;+liga;+sups;mapping=tex-text;"
. - 'small caps'  (m/sc) with NFSS spec.: <->s*[1.0]"EB
. Garamond/OT:script=latn;language=DFLT;+onum;+liga;+sups;+smcp;mapping=tex-text;"
. - 'italic' (m/it) with NFSS spec.: <->s*[1.0]"EB
. Garamond/I/OT:script=latn;language=DFLT;+onum;+liga;+sups;mapping=tex-text;"
. - 'italic small caps'  (m/itsc) with NFSS spec.: <->s*[1.0]"EB
. Garamond/I/OT:script=latn;language=DFLT;+onum;+liga;+sups;+smcp;mapping=tex-text;"
. - 'bold italic' (bx/it) with NFSS spec.: <->s*[1.0]"EB
. Garamond/BI/OT:script=latn;language=DFLT;+onum;+liga;+sups;mapping=tex-text;"
. - 'bold italic small caps'  (bx/itsc) with NFSS spec.: <->s*[1.0]"EB
. Garamond/BI/OT:script=latn;language=DFLT;+onum;+liga;+sups;+smcp;mapping=tex-text;"
.................................................
LaTeX Font Info:    Font shape `TU/EBGaramond(4)/m/n' will be
(Font)              scaled to size 12.0pt on input line 164.
[3

]
File: source/figures/png/Golgimodels.png Graphic file (type bmp)
<source/figures/png/Golgimodels.png>
LaTeX Font Info:    Font shape `TU/LatoRegular(0)/bx/n' will be
(Font)              scaled to size 9.5907pt on input line 233.
LaTeX Font Info:    Font shape `TU/LatoRegular(0)/bx/n' will be
(Font)              scaled to size 7.99225pt on input line 233.
Package microtype Info: Loading generic protrusion settings for font family
(microtype)             `LatoRegular' (encoding: TU).
(microtype)             For optimal results, create family-specific settings.
(microtype)             See the microtype manual for details.
LaTeX Font Info:    Font shape `TU/LatoRegular(0)/m/n' will be
(Font)              scaled to size 8.09479pt on input line 233.
 [4]
LaTeX Font Info:    Font shape `TU/EBGaramond(4)/m/it' will be
(Font)              scaled to size 12.0pt on input line 267.
LaTeX Font Info:    Font shape `TU/EBGaramond(2)/m/n' will be
(Font)              scaled to size 8.0pt on input line 267.
LaTeX Font Info:    Font shape `TU/EBGaramond(2)/m/n' will be
(Font)              scaled to size 6.0pt on input line 267.
 [5]
File: source/figures/png/kineticmodel.png Graphic file (type bmp)
<source/figures/png/kineticmodel.png>
 [6]
File: source/figures/png/RUSH.png Graphic file (type bmp)
<source/figures/png/RUSH.png>
 [7]
File: source/figures/png/frames.png Graphic file (type bmp)
<source/figures/png/frames.png>
 [8] [9] [10] [11]
Chapter 2.
[12

] [13]
File: source/figures/pdf/eigenspectrum.pdf Graphic file (type pdf)
<use source/figures/pdf/eigenspectrum.pdf>
 [14]
File: source/figures/pdf/filtered.pdf Graphic file (type pdf)
<use source/figures/pdf/filtered.pdf>
 [15]
File: source/figures/pdf/derivative.pdf Graphic file (type pdf)
<use source/figures/pdf/derivative.pdf>


LaTeX Font Warning: Font shape `TU/EBGaramond(1)/bx/n' undefined
(Font)              using `TU/EBGaramond(1)/m/n' instead on input line 649.

[16]
File: source/figures/pdf/segmenting.pdf Graphic file (type pdf)
<use source/figures/pdf/segmenting.pdf>
 [17] [18]
File: source/figures/pdf/slidingwindow.pdf Graphic file (type pdf)
<use source/figures/pdf/slidingwindow.pdf>
 [19]
Chapter 3.

Package caption Warning: \label without proper reference on input line 742.
See the caption package documentation for explanation.


LaTeX Warning: Reference `fig:fluorescence' on page  undefined on input line 737.

File: source/figures/pdf/general_fluorescence.pdf Graphic file (type pdf)
<use source/figures/pdf/general_fluorescence.pdf>
[20

]
File: source/figures/pdf/time_deriv.pdf Graphic file (type pdf)
<use source/figures/pdf/time_deriv.pdf>
 [21]

Package caption Warning: \label without proper reference on input line 742.
See the caption package documentation for explanation.


LaTeX Warning: Reference `fig:fluorescence' on page  undefined on input line 762.

[22]
File: source/figures/pdf/Diff.pdf Graphic file (type pdf)
<use source/figures/pdf/Diff.pdf>
 [23] [24]
File: source/figures/pdf/advection.pdf Graphic file (type pdf)
<use source/figures/pdf/advection.pdf>
 [25] [26]
File: source/figures/pdf/general_fit.pdf Graphic file (type pdf)
<use source/figures/pdf/general_fit.pdf>
 [27] [28]
Chapter 4.
[29

]
LaTeX Font Info:    Font shape `TU/EBGaramond(2)/m/it' will be
(Font)              scaled to size 8.0pt on input line 908.
LaTeX Font Info:    Font shape `TU/EBGaramond(2)/m/it' will be
(Font)              scaled to size 6.0pt on input line 908.
File: source/figures/pdf/neuralnetwork.pdf Graphic file (type pdf)
<use source/figures/pdf/neuralnetwork.pdf>
 [30] [31] [32] [33] [34] [35]
File: source/figures/pdf/PINN.pdf Graphic file (type pdf)
<use source/figures/pdf/PINN.pdf>
 [36]
File: source/figures/pdf/error_constantD.pdf Graphic file (type pdf)
<use source/figures/pdf/error_constantD.pdf>
 [37]
File: source/figures/pdf/error_constantD_noisy.pdf Graphic file (type pdf)
<use source/figures/pdf/error_constantD_noisy.pdf>
 [38]
File: source/figures/pdf/summary_constantD_varyingPINN.pdf Graphic file (type pdf)
<use source/figures/pdf/summary_constantD_varyingPINN.pdf>
 [39]
File: source/figures/pdf/summary_varyingD_varyingPINN.pdf Graphic file (type pdf)
<use source/figures/pdf/summary_varyingD_varyingPINN.pdf>
File: source/figures/pdf/projection.pdf Graphic file (type pdf)
<use source/figures/pdf/projection.pdf>
 [40]
File: source/figures/pdf/NN_Man_constant.pdf Graphic file (type pdf)
<use source/figures/pdf/NN_Man_constant.pdf>
 [41] [42]
File: source/figures/pdf/NN_Man_full.pdf Graphic file (type pdf)
<use source/figures/pdf/NN_Man_full.pdf>
 [43] [44]
Chapter 5.
File: source/figures/pdf/Freeenergydensity.pdf Graphic file (type pdf)
<use source/figures/pdf/Freeenergydensity.pdf>
[45

] [46]
File: source/figures/png/CahnHilliard.png Graphic file (type bmp)
<source/figures/png/CahnHilliard.png>
 [47]
File: source/figures/pdf/effectivedroplet.pdf Graphic file (type pdf)
<use source/figures/pdf/effectivedroplet.pdf>
 [48] [49] [50] [51] [52] [53]
Chapter 6.
[54

]
File: source/figures/png/concprofile.png Graphic file (type bmp)
<source/figures/png/concprofile.png>
 [55] [56] [57] [58]
File: source/figures/pdf/Stable_nodecay.pdf Graphic file (type pdf)
<use source/figures/pdf/Stable_nodecay.pdf>
LaTeX Font Info:    Font shape `TU/EBGaramond(2)/m/n' will be
(Font)              scaled to size 10.95pt on input line 1897.
LaTeX Font Info:    Font shape `TU/EBGaramond(2)/bx/n' will be
(Font)              scaled to size 10.95pt on input line 1897.
LaTeX Font Info:    Font shape `TU/LatoRegular(0)/bx/n' will be
(Font)              scaled to size 8.7515pt on input line 1897.
LaTeX Font Info:    Font shape `TU/LatoRegular(0)/m/n' will be
(Font)              scaled to size 8.86378pt on input line 1897.
File: source/figures/pdf/minimumconcentration.pdf Graphic file (type pdf)
<use source/figures/pdf/minimumconcentration.pdf>

Overfull \hbox (4.79999pt too wide) in paragraph at lines 1892--1907
 [][]  [] 
 []

[59] [60]
File: source/figures/pdf/Rstable.pdf Graphic file (type pdf)
<use source/figures/pdf/Rstable.pdf>
File: source/figures/pdf/Xstable.pdf Graphic file (type pdf)
<use source/figures/pdf/Xstable.pdf>

Overfull \hbox (4.79999pt too wide) in paragraph at lines 1959--1974
 [][]  [] 
 []

[61]
File: source/figures/pdf/dRdt.pdf Graphic file (type pdf)
<use source/figures/pdf/dRdt.pdf>
File: source/figures/pdf/dXdt.pdf Graphic file (type pdf)
<use source/figures/pdf/dXdt.pdf>

Overfull \hbox (4.79999pt too wide) in paragraph at lines 2011--2026
 [][]  [] 
 []

[62] [63]
File: source/figures/pdf/Jmin.pdf Graphic file (type pdf)
<use source/figures/pdf/Jmin.pdf>
 [64] [65]
File: source/figures/pdf/phaseapprox.pdf Graphic file (type pdf)
<use source/figures/pdf/phaseapprox.pdf>
 [66] [67]
File: source/figures/pdf/Numericalphase.pdf Graphic file (type pdf)
<use source/figures/pdf/Numericalphase.pdf>
 [68] [69]
Chapter 7.
[70

]
LaTeX Font Info:    Font shape `TU/EBGaramond(2)/m/n' will be
(Font)              scaled to size 10.0pt on input line 2338.
 [71]
LaTeX Font Info:    Font shape `TU/EBGaramond(2)/m/it' will be
(Font)              scaled to size 10.0pt on input line 2346.
LaTeX Font Info:    Font shape `TU/EBGaramond(2)/bx/n' will be
(Font)              scaled to size 10.0pt on input line 2347.
 [72

] [73]
Package atveryend Info: Empty hook `BeforeClearDocument' on input line 2609.
 [74]
Package atveryend Info: Empty hook `AfterLastShipout' on input line 2609.
 (/Users/gert-janboth/Documents/Afstuderen/Report/.texpadtmp/thesis.aux)
Package atveryend Info: Empty hook `AtVeryEndDocument' on input line 2609.
Package atveryend Info: Executing hook `AtEndAfterFileList' on input line 2609.
Package rerunfilecheck Info: File `thesis.out' has not changed.
(rerunfilecheck)             Checksum: 7F915147A5D68B03FF8F53E7C26F5370.


LaTeX Font Warning: Some font shapes were not available, defaults substituted.


LaTeX Warning: There were undefined references.


LaTeX Warning: There were multiply-defined labels.

 ) 
Here is how much of TeX's memory you used:
 29832 strings out of 492970
 535632 string characters out of 6133938
 679040 words of memory out of 5000000
 33448 multiletter control sequences out of 15000+600000
 541170 words of font info for 109 fonts, out of 8000000 for 9000
 1348 hyphenation exceptions out of 8191
 60i,9n,117p,1593b,583s stack positions out of 5000i,500n,10000p,200000b,80000s

Output written on /Users/gert-janboth/Documents/Afstuderen/Report/.texpadtmp/thesis.pdf (76 pages).
